<?xml version="1.0" encoding="UTF-8"?>
<!-- Generated by org.testng.reporters.JUnitReportReporter -->
<testsuite hostname="INBook_X1" failures="0" tests="1" name="reqres_Response_Validation.ResponseBodyValidation" time="4.163" errors="0" timestamp="2023-03-28T10:03:23 IST" skipped="0">
  <testcase classname="reqres_Response_Validation.ResponseBodyValidation" name="getAllUsers" time="4.163"/>
  <system-out/>
</testsuite> <!-- reqres_Response_Validation.ResponseBodyValidation -->
