<?xml version="1.0" encoding="UTF-8"?>
<!-- Generated by org.testng.reporters.JUnitReportReporter -->
<testsuite hostname="INBook_X1" failures="0" tests="1" name="reqres_Response_Validation.ResponseHeaderValidation" time="3.548" errors="0" timestamp="2023-03-28T09:15:03 IST" skipped="0">
  <testcase classname="reqres_Response_Validation.ResponseHeaderValidation" name="headerValidation" time="3.548"/>
  <system-out/>
</testsuite> <!-- reqres_Response_Validation.ResponseHeaderValidation -->
