<?xml version="1.0" encoding="UTF-8"?>
<!-- Generated by org.testng.reporters.JUnitReportReporter -->
<testsuite hostname="INBook_X1" failures="0" tests="1" name="CRUDoperarions.GetAllUsersTest" time="3.157" errors="0" timestamp="2023-03-25T09:43:15 IST" skipped="0">
  <testcase classname="CRUDoperarions.GetAllUsersTest" name="getAllUsersTest" time="3.157"/>
  <system-out/>
</testsuite> <!-- CRUDoperarions.GetAllUsersTest -->
