<?xml version="1.0" encoding="UTF-8"?>
<!-- Generated by org.testng.reporters.JUnitReportReporter -->
<testsuite hostname="INBook_X1" failures="0" tests="1" name="CRUDoperarions.CreateUserTest" time="4.897" errors="0" timestamp="2023-03-25T09:24:22 IST" skipped="0">
  <testcase classname="CRUDoperarions.CreateUserTest" name="createUserTest" time="4.897"/>
  <system-out/>
</testsuite> <!-- CRUDoperarions.CreateUserTest -->
