<?xml version="1.0" encoding="UTF-8"?>
<!-- Generated by org.testng.reporters.JUnitReportReporter -->
<testsuite hostname="INBook_X1" failures="0" tests="1" name="CRUDoperarions.UpdateUserTest" time="4.232" errors="0" timestamp="2023-03-25T10:00:15 IST" skipped="0">
  <testcase classname="CRUDoperarions.UpdateUserTest" name="updateUserTest" time="4.232"/>
  <system-out/>
</testsuite> <!-- CRUDoperarions.UpdateUserTest -->
